#
# There is insufficient memory for the Java Runtime Environment to continue.
# Native memory allocation (malloc) failed to allocate 1242336 bytes for Chunk::new
# Possible reasons:
#   The system is out of physical RAM or swap space
#   In 32 bit mode, the process size limit was hit
# Possible solutions:
#   Reduce memory load on the system
#   Increase physical memory or swap space
#   Check if swap backing store is full
#   Use 64 bit Java on a 64 bit OS
#   Decrease Java heap size (-Xmx/-Xms)
#   Decrease number of Java threads
#   Decrease Java thread stack sizes (-Xss)
#   Set larger code cache with -XX:ReservedCodeCacheSize=
# This output file may be truncated or incomplete.
#
#  Out of Memory Error (allocation.cpp:390), pid=5208, tid=15232
#
# JRE version: Java(TM) SE Runtime Environment (8.0_71-b15) (build 1.8.0_71-b15)
# Java VM: Java HotSpot(TM) 64-Bit Server VM (25.71-b15 mixed mode windows-amd64 compressed oops)
# Failed to write core dump. Minidumps are not enabled by default on client versions of Windows
#

---------------  T H R E A D  ---------------

Current thread (0x0000000016810000):  JavaThread "C2 CompilerThread1" daemon [_thread_in_native, id=15232, stack(0x0000000016cc0000,0x0000000016dc0000)]

Stack: [0x0000000016cc0000,0x0000000016dc0000]
[error occurred during error reporting (printing stack bounds), id 0xc0000005]

Native frames: (J=compiled Java code, j=interpreted, Vv=VM code, C=native code)


Current CompileTask:
C2:   5786 1113       4       com.android.dx.ssa.SCCP::simulateBranch (666 bytes)


---------------  P R O C E S S  ---------------

Java Threads: ( => current thread )
  0x0000000016a72800 JavaThread "pool-1-thread-4" [_thread_in_Java, id=11904, stack(0x00000000174c0000,0x00000000175c0000)]
  0x00000000169b9800 JavaThread "pool-1-thread-2" [_thread_in_Java, id=12732, stack(0x00000000172c0000,0x00000000173c0000)]
  0x0000000016966800 JavaThread "pool-2-thread-1" [_thread_blocked, id=9860, stack(0x00000000171c0000,0x00000000172c0000)]
  0x0000000016966000 JavaThread "pool-1-thread-1" [_thread_in_Java, id=5828, stack(0x00000000170c0000,0x00000000171c0000)]
  0x0000000016824000 JavaThread "Service Thread" daemon [_thread_blocked, id=10716, stack(0x0000000016ec0000,0x0000000016fc0000)]
  0x000000001681c000 JavaThread "C1 CompilerThread2" daemon [_thread_blocked, id=14876, stack(0x0000000016dc0000,0x0000000016ec0000)]
=>0x0000000016810000 JavaThread "C2 CompilerThread1" daemon [_thread_in_native, id=15232, stack(0x0000000016cc0000,0x0000000016dc0000)]
  0x00000000167c0800 JavaThread "C2 CompilerThread0" daemon [_thread_in_native, id=3916, stack(0x0000000016bc0000,0x0000000016cc0000)]
  0x000000001527c000 JavaThread "Attach Listener" daemon [_thread_blocked, id=14904, stack(0x00000000166c0000,0x00000000167c0000)]
  0x000000001527b000 JavaThread "Signal Dispatcher" daemon [_thread_blocked, id=10288, stack(0x00000000165c0000,0x00000000166c0000)]
  0x0000000002b48800 JavaThread "Finalizer" daemon [_thread_blocked, id=14676, stack(0x0000000016470000,0x0000000016570000)]
  0x0000000002b40000 JavaThread "Reference Handler" daemon [_thread_blocked, id=12084, stack(0x0000000016370000,0x0000000016470000)]
  0x0000000002a52800 JavaThread "main" [_thread_blocked, id=15272, stack(0x00000000025c0000,0x00000000026c0000)]

Other Threads:
  0x00000000151e7800 VMThread [stack: 0x0000000016270000,0x0000000016370000] [id=10768]
  0x0000000016895800 WatcherThread [stack: 0x0000000016fc0000,0x00000000170c0000] [id=5916]

VM state:not at safepoint (normal execution)

VM Mutex/Monitor currently owned by a thread: None

Heap:
 PSYoungGen      total 35328K, used 16545K [0x00000000eab00000, 0x00000000ed000000, 0x0000000100000000)
  eden space 32768K, 42% used [0x00000000eab00000,0x00000000eb8a9828,0x00000000ecb00000)
  from space 2560K, 99% used [0x00000000ecd80000,0x00000000ecffece0,0x00000000ed000000)
  to   space 2560K, 0% used [0x00000000ecb00000,0x00000000ecb00000,0x00000000ecd80000)
 ParOldGen       total 44032K, used 4413K [0x00000000c0000000, 0x00000000c2b00000, 0x00000000eab00000)
  object space 44032K, 10% used [0x00000000c0000000,0x00000000c044f658,0x00000000c2b00000)
 Metaspace       used 6264K, capacity 7064K, committed 7424K, reserved 1056768K
  class space    used 626K, capacity 656K, committed 768K, reserved 1048576K

Card table byte_map: [0x0000000011f10000,0x0000000012120000] byte_map_base: 0x0000000011910000

Marking Bits: (ParMarkBitMap*) 0x0000000061ebf600
 Begin Bits: [0x0000000012680000, 0x0000000013680000)
 End Bits:   [0x0000000013680000, 0x0000000014680000)

Polling page: 0x0000000001000000

CodeCache: size=245760Kb used=5818Kb max_used=5829Kb free=239941Kb
 bounds [0x0000000002b50000, 0x0000000003110000, 0x0000000011b50000]
 total_blobs=1647 nmethods=1373 adapters=187
 compilation: enabled

Compilation events (10 events):
Event: 5.742 Thread 0x000000001681c000 1360       3       com.android.dx.util.LabeledList::removeLabel (10 bytes)
Event: 5.742 Thread 0x000000001681c000 nmethod 1360 0x00000000030ea310 code [0x00000000030ea480, 0x00000000030ea6a8]
Event: 5.742 Thread 0x000000001681c000 1363       3       com.android.dx.cf.code.BasicBlocker::visitBranch (98 bytes)
Event: 5.744 Thread 0x000000001681c000 nmethod 1363 0x00000000030ea790 code [0x00000000030eaa80, 0x00000000030ec018]
Event: 5.744 Thread 0x000000001681c000 1364       3       com.android.dx.util.Hex::u2 (44 bytes)
Event: 5.745 Thread 0x000000001681c000 nmethod 1364 0x00000000030ed4d0 code [0x00000000030ed680, 0x00000000030edcf8]
Event: 5.745 Thread 0x000000001681c000 1365       3       com.android.dx.cf.code.OneLocalsArray::makeInitialized (55 bytes)
Event: 5.746 Thread 0x000000001681c000 nmethod 1365 0x00000000030edfd0 code [0x00000000030ee180, 0x00000000030ee838]
Event: 5.747 Thread 0x000000001681c000 1366       3       com.android.dx.ssa.SsaBasicBlock::insertNewPredecessor (134 bytes)
Event: 5.748 Thread 0x000000001681c000 nmethod 1366 0x00000000030eeb50 code [0x00000000030eeda0, 0x00000000030ef8d8]

GC Heap History (4 events):
Event: 4.166 GC heap before
{Heap before GC invocations=1 (full 0):
 PSYoungGen      total 18944K, used 16384K [0x00000000eab00000, 0x00000000ec000000, 0x0000000100000000)
  eden space 16384K, 100% used [0x00000000eab00000,0x00000000ebb00000,0x00000000ebb00000)
  from space 2560K, 0% used [0x00000000ebd80000,0x00000000ebd80000,0x00000000ec000000)
  to   space 2560K, 0% used [0x00000000ebb00000,0x00000000ebb00000,0x00000000ebd80000)
 ParOldGen       total 44032K, used 0K [0x00000000c0000000, 0x00000000c2b00000, 0x00000000eab00000)
  object space 44032K, 0% used [0x00000000c0000000,0x00000000c0000000,0x00000000c2b00000)
 Metaspace       used 5856K, capacity 6712K, committed 6784K, reserved 1056768K
  class space    used 605K, capacity 624K, committed 640K, reserved 1048576K
Event: 4.359 GC heap after
Heap after GC invocations=1 (full 0):
 PSYoungGen      total 18944K, used 2543K [0x00000000eab00000, 0x00000000ed000000, 0x0000000100000000)
  eden space 16384K, 0% used [0x00000000eab00000,0x00000000eab00000,0x00000000ebb00000)
  from space 2560K, 99% used [0x00000000ebb00000,0x00000000ebd7bc90,0x00000000ebd80000)
  to   space 2560K, 0% used [0x00000000ecd80000,0x00000000ecd80000,0x00000000ed000000)
 ParOldGen       total 44032K, used 1980K [0x00000000c0000000, 0x00000000c2b00000, 0x00000000eab00000)
  object space 44032K, 4% used [0x00000000c0000000,0x00000000c01ef1a8,0x00000000c2b00000)
 Metaspace       used 5856K, capacity 6712K, committed 6784K, reserved 1056768K
  class space    used 605K, capacity 624K, committed 640K, reserved 1048576K
}
Event: 5.371 GC heap before
{Heap before GC invocations=2 (full 0):
 PSYoungGen      total 18944K, used 18927K [0x00000000eab00000, 0x00000000ed000000, 0x0000000100000000)
  eden space 16384K, 100% used [0x00000000eab00000,0x00000000ebb00000,0x00000000ebb00000)
  from space 2560K, 99% used [0x00000000ebb00000,0x00000000ebd7bc90,0x00000000ebd80000)
  to   space 2560K, 0% used [0x00000000ecd80000,0x00000000ecd80000,0x00000000ed000000)
 ParOldGen       total 44032K, used 1980K [0x00000000c0000000, 0x00000000c2b00000, 0x00000000eab00000)
  object space 44032K, 4% used [0x00000000c0000000,0x00000000c01ef1a8,0x00000000c2b00000)
 Metaspace       used 6032K, capacity 6904K, committed 7040K, reserved 1056768K
  class space    used 605K, capacity 624K, committed 640K, reserved 1048576K
Event: 5.443 GC heap after
Heap after GC invocations=2 (full 0):
 PSYoungGen      total 35328K, used 2555K [0x00000000eab00000, 0x00000000ed000000, 0x0000000100000000)
  eden space 32768K, 0% used [0x00000000eab00000,0x00000000eab00000,0x00000000ecb00000)
  from space 2560K, 99% used [0x00000000ecd80000,0x00000000ecffece0,0x00000000ed000000)
  to   space 2560K, 0% used [0x00000000ecb00000,0x00000000ecb00000,0x00000000ecd80000)
 ParOldGen       total 44032K, used 4413K [0x00000000c0000000, 0x00000000c2b00000, 0x00000000eab00000)
  object space 44032K, 10% used [0x00000000c0000000,0x00000000c044f658,0x00000000c2b00000)
 Metaspace       used 6032K, capacity 6904K, committed 7040K, reserved 1056768K
  class space    used 605K, capacity 624K, committed 640K, reserved 1048576K
}

Deoptimization events (10 events):
Event: 4.872 Thread 0x0000000016966000 Uncommon trap: reason=bimorphic action=maybe_recompile pc=0x0000000002df9d8c method=java.util.HashMap.getNode(ILjava/lang/Object;)Ljava/util/HashMap$Node; @ 126
Event: 4.873 Thread 0x0000000016966000 Uncommon trap: reason=bimorphic action=maybe_recompile pc=0x0000000002df9d8c method=java.util.HashMap.getNode(ILjava/lang/Object;)Ljava/util/HashMap$Node; @ 126
Event: 4.873 Thread 0x0000000016966000 Uncommon trap: reason=bimorphic action=maybe_recompile pc=0x0000000002d59fa0 method=java.util.HashMap.getNode(ILjava/lang/Object;)Ljava/util/HashMap$Node; @ 126
Event: 5.359 Thread 0x00000000169b9800 Uncommon trap: reason=null_check action=make_not_entrant pc=0x0000000002e2afa8 method=com.android.dx.rop.type.Type.equals(Ljava/lang/Object;)Z @ 8
Event: 5.610 Thread 0x00000000169b9800 Uncommon trap: reason=unstable_if action=reinterpret pc=0x0000000002faae9c method=com.android.dx.cf.code.BytecodeArray.parseInstruction(ILcom/android/dx/cf/code/BytecodeArray$Visitor;)I @ 1198
Event: 5.686 Thread 0x0000000016a72800 Uncommon trap: reason=bimorphic action=maybe_recompile pc=0x0000000002fea8d4 method=java.util.HashMap.putVal(ILjava/lang/Object;Ljava/lang/Object;ZZ)Ljava/lang/Object; @ 203
Event: 5.689 Thread 0x0000000016a72800 Uncommon trap: reason=bimorphic action=maybe_recompile pc=0x0000000002fea8d4 method=java.util.HashMap.putVal(ILjava/lang/Object;Ljava/lang/Object;ZZ)Ljava/lang/Object; @ 203
Event: 5.730 Thread 0x0000000016a2a000 Uncommon trap: reason=unstable_if action=reinterpret pc=0x0000000002e571f4 method=java.util.HashMap.putVal(ILjava/lang/Object;Ljava/lang/Object;ZZ)Ljava/lang/Object; @ 162
Event: 5.736 Thread 0x0000000016a2a000 Uncommon trap: reason=unstable_if action=reinterpret pc=0x0000000002f29f84 method=java.util.HashMap.getNode(ILjava/lang/Object;)Ljava/util/HashMap$Node; @ 84
Event: 5.740 Thread 0x0000000016a2a000 Uncommon trap: reason=unstable_if action=reinterpret pc=0x0000000002ff9c18 method=java.util.HashMap.getNode(ILjava/lang/Object;)Ljava/util/HashMap$Node; @ 84

Internal exceptions (7 events):
Event: 0.938 Thread 0x0000000002a52800 Exception <a 'java/lang/NoSuchMethodError': Method sun.misc.Unsafe.defineClass(Ljava/lang/String;[BII)Ljava/lang/Class; name or signature does not match> (0x00000000eab130b0) thrown at [C:\re\workspace\8-2-build-windows-amd64-cygwin\jdk8u71\5731\hotspot\sr—‘ðî?
Event: 0.938 Thread 0x0000000002a52800 Exception <a 'java/lang/NoSuchMethodError': Method sun.misc.Unsafe.prefetchRead(Ljava/lang/Object;J)V name or signature does not match> (0x00000000eab13398) thrown at [C:\re\workspace\8-2-build-windows-amd64-cygwin\jdk8u71\5731\hotspot\src\share\vm\prims\j¶ý¡zÏÕ@
Event: 4.709 Thread 0x0000000016a2a000 Implicit null exception at 0x0000000002eaa649 to 0x0000000002eab5a9
Event: 5.359 Thread 0x00000000169b9800 Implicit null exception at 0x0000000002e2aea2 to 0x0000000002e2af9a
Event: 5.734 Thread 0x0000000016a2a000 Exception <a 'java/lang/ArrayIndexOutOfBoundsException': 18> (0x00000000eb0c75b8) thrown at [C:\re\workspace\8-2-build-windows-amd64-cygwin\jdk8u71\5731\hotspot\src\share\vm\interpreter\interpreterRuntime.cpp, line 366]
Event: 5.734 Thread 0x0000000016a2a000 Exception <a 'java/lang/ArrayIndexOutOfBoundsException': 145> (0x00000000eb0c9138) thrown at [C:\re\workspace\8-2-build-windows-amd64-cygwin\jdk8u71\5731\hotspot\src\share\vm\interpreter\interpreterRuntime.cpp, line 366]
Event: 5.735 Thread 0x0000000016a2a000 Exception <a 'java/lang/ArrayIndexOutOfBoundsException'> (0x00000000eb0ca420) thrown at [C:\re\workspace\8-2-build-windows-amd64-cygwin\jdk8u71\5731\hotspot\src\share\vm\runtime\sharedRuntime.cpp, line 605]

Events (10 events):
Event: 5.735 loading class sun/reflect/generics/reflectiveObjects/TypeVariableImpl
Event: 5.735 loading class sun/reflect/generics/reflectiveObjects/LazyReflectiveObjectGenerator
Event: 5.736 loading class sun/reflect/generics/reflectiveObjects/LazyReflectiveObjectGenerator done
Event: 5.736 loading class sun/reflect/generics/reflectiveObjects/TypeVariableImpl done
Event: 5.736 Thread 0x0000000016a2a000 Uncommon trap: trap_request=0xffffff65 fr.pc=0x0000000002f29f84
Event: 5.736 Thread 0x0000000016a2a000 DEOPT PACKING pc=0x0000000002f29f84 sp=0x00000000174bda10
Event: 5.736 Thread 0x0000000016a2a000 DEOPT UNPACKING pc=0x0000000002b9582a sp=0x00000000174bd930 mode 2
Event: 5.740 Thread 0x0000000016a2a000 Uncommon trap: trap_request=0xffffff65 fr.pc=0x0000000002ff9c18
Event: 5.740 Thread 0x0000000016a2a000 DEOPT PACKING pc=0x0000000002ff9c18 sp=0x00000000174be790
Event: 5.740 Thread 0x0000000016a2a000 DEOPT UNPACKING pc=0x0000000002b9582a sp=0x00000000174be708 mode 2


Dynamic libraries:
0x00007ff77f0f0000 - 0x00007ff77f127000 	C:\Program Files\Java\jdk1.8.0_71\bin\java.exe
0x00007ff9e0f40000 - 0x00007ff9e10ed000 	C:\windows\SYSTEM32\ntdll.dll
0x00007ff9e0750000 - 0x00007ff9e088e000 	C:\windows\system32\KERNEL32.DLL
0x00007ff9de4b0000 - 0x00007ff9de5c5000 	C:\windows\system32\KERNELBASE.dll
0x00007ff9dcc30000 - 0x00007ff9dccbe000 	C:\windows\system32\apphelp.dll
0x00007ff9c7b40000 - 0x00007ff9c7b93000 	C:\windows\AppPatch\AppPatch64\AcGenral.DLL
0x00007ff9e0480000 - 0x00007ff9e052a000 	C:\windows\system32\msvcrt.dll
0x00007ff9de140000 - 0x00007ff9de16e000 	C:\windows\system32\SspiCli.dll
0x00007ff9e0690000 - 0x00007ff9e06e4000 	C:\windows\system32\SHLWAPI.dll
0x00007ff9e0890000 - 0x00007ff9e0a07000 	C:\windows\system32\USER32.dll
0x00007ff9e0cd0000 - 0x00007ff9e0e64000 	C:\windows\system32\ole32.dll
0x00007ff9deaf0000 - 0x00007ff9e0019000 	C:\windows\system32\SHELL32.dll
0x00007ff9dd640000 - 0x00007ff9dd661000 	C:\windows\SYSTEM32\USERENV.dll
0x00007ff9e0e70000 - 0x00007ff9e0f1a000 	C:\windows\system32\ADVAPI32.dll
0x00007ff9d5e10000 - 0x00007ff9d5e2e000 	C:\windows\SYSTEM32\MPR.dll
0x00007ff9de990000 - 0x00007ff9dead0000 	C:\windows\system32\RPCRT4.dll
0x00007ff9e0c70000 - 0x00007ff9e0cc9000 	C:\windows\SYSTEM32\sechost.dll
0x00007ff9e0a50000 - 0x00007ff9e0c62000 	C:\windows\SYSTEM32\combase.dll
0x00007ff9e0020000 - 0x00007ff9e016b000 	C:\windows\system32\GDI32.dll
0x00007ff9de070000 - 0x00007ff9de085000 	C:\windows\SYSTEM32\profapi.dll
0x00007ff9db290000 - 0x00007ff9db342000 	C:\windows\SYSTEM32\SHCORE.dll
0x00007ff9e0a10000 - 0x00007ff9e0a46000 	C:\windows\system32\IMM32.DLL
0x00007ff9e0530000 - 0x00007ff9e0681000 	C:\windows\system32\MSCTF.dll
0x00007ff9da3d0000 - 0x00007ff9da64b000 	C:\windows\WinSxS\amd64_microsoft.windows.common-controls_6595b64144ccf1df_6.0.9600.18006_none_623f33d3ecbe86e8\COMCTL32.dll
0x0000000063a20000 - 0x0000000063af2000 	C:\Program Files\Java\jdk1.8.0_71\jre\bin\msvcr100.dll
0x00000000616b0000 - 0x0000000061f3f000 	C:\Program Files\Java\jdk1.8.0_71\jre\bin\server\jvm.dll
0x00007ff9d5e40000 - 0x00007ff9d5e49000 	C:\windows\SYSTEM32\WSOCK32.dll
0x00007ff9d5de0000 - 0x00007ff9d5e02000 	C:\windows\SYSTEM32\WINMM.dll
0x00007ff9d5e50000 - 0x00007ff9d5e5a000 	C:\windows\SYSTEM32\VERSION.dll
0x00007ff9de690000 - 0x00007ff9de697000 	C:\windows\system32\PSAPI.DLL
0x00007ff9e06f0000 - 0x00007ff9e074a000 	C:\windows\system32\WS2_32.dll
0x00007ff9d5820000 - 0x00007ff9d584a000 	C:\windows\SYSTEM32\WINMMBASE.dll
0x00007ff9de920000 - 0x00007ff9de929000 	C:\windows\system32\NSI.dll
0x00007ff9de460000 - 0x00007ff9de4af000 	C:\windows\SYSTEM32\cfgmgr32.dll
0x00007ff9dce80000 - 0x00007ff9dcea8000 	C:\windows\SYSTEM32\DEVOBJ.dll
0x0000000065760000 - 0x000000006576f000 	C:\Program Files\Java\jdk1.8.0_71\jre\bin\verify.dll
0x00000000641d0000 - 0x00000000641f9000 	C:\Program Files\Java\jdk1.8.0_71\jre\bin\java.dll
0x0000000065150000 - 0x0000000065166000 	C:\Program Files\Java\jdk1.8.0_71\jre\bin\zip.dll

VM Arguments:
jvm_args: -Djava.awt.headless=true -Xmx1024M -Dfile.encoding=GBK -Duser.country=CN -Duser.language=zh -Duser.variant 
java_command: com.android.dx.command.Main --dex --num-threads=4 --output F:\remusic-master\remusic-master\app\build\intermediates\pre-dexed\debug\okio-1.6.0_c68cfa1e0411c1c43591f4f9750cf5c02616721b.jar C:\Users\liang\.gradle\caches\modules-2\files-2.1\com.squareup.okio\okio\1.6.0\98476622f10715998eacf9240d6b479f12c66143\okio-1.6.0.jar
java_class_path (initial): C:\Users\liang\AppData\Local\Android\sdk\build-tools\23.0.3\lib\dx.jar
Launcher Type: SUN_STANDARD

Environment Variables:
JAVA_HOME=C:\Program Files\Java\jdk1.8.0_71
CLASSPATH=F:\remusic-master\remusic-master\\gradle\wrapper\gradle-wrapper.jar
USERNAME=liang
OS=Windows_NT
PROCESSOR_IDENTIFIER=Intel64 Family 6 Model 61 Stepping 4, GenuineIntel



---------------  S Y S T E M  ---------------

OS: Windows 8.1 , 64 bit Build 9600 (6.3.9600.17415)

CPU:total 4 (2 cores per cpu, 2 threads per core) family 6 model 61 stepping 4, cmov, cx8, fxsr, mmx, sse, sse2, sse3, ssse3, sse4.1, sse4.2, popcnt, avx, avx2, aes, clmul, erms, 3dnowpref, lzcnt, ht, tsc, tscinvbit, bmi1, bmi2, adx

Memory: 4k page, physical 4097964k(238612k free), swap 7243692k(7668k free)

vm_info: Java HotSpot(TM) 64-Bit Server VM (25.71-b15) for windows-amd64 JRE (1.8.0_71-b15), built on Dec 22 2015 18:15:55 by "java_re" with MS VC++ 10.0 (VS2010)

time: Mon Dec 04 17:57:09 2017
elapsed time: 5 seconds (0d 0h 0m 5s)

