#
# There is insufficient memory for the Java Runtime Environment to continue.
# Native memory allocation (malloc) failed to allocate 379536 bytes for Chunk::new
# Possible reasons:
#   The system is out of physical RAM or swap space
#   In 32 bit mode, the process size limit was hit
# Possible solutions:
#   Reduce memory load on the system
#   Increase physical memory or swap space
#   Check if swap backing store is full
#   Use 64 bit Java on a 64 bit OS
#   Decrease Java heap size (-Xmx/-Xms)
#   Decrease number of Java threads
#   Decrease Java thread stack sizes (-Xss)
#   Set larger code cache with -XX:ReservedCodeCacheSize=
# This output file may be truncated or incomplete.
#
#  Out of Memory Error (allocation.cpp:390), pid=14636, tid=10632
#
# JRE version: Java(TM) SE Runtime Environment (8.0_71-b15) (build 1.8.0_71-b15)
# Java VM: Java HotSpot(TM) 64-Bit Server VM (25.71-b15 mixed mode windows-amd64 compressed oops)
# Failed to write core dump. Minidumps are not enabled by default on client versions of Windows
#

---------------  T H R E A D  ---------------

Current thread (0x00000000163b7800):  JavaThread "C2 CompilerThread1" daemon [_thread_in_native, id=10632, stack(0x0000000016860000,0x0000000016960000)]

Stack: [0x0000000016860000,0x0000000016960000]
[error occurred during error reporting (printing stack bounds), id 0xc0000005]

Native frames: (J=compiled Java code, j=interpreted, Vv=VM code, C=native code)


Current CompileTask:
C2:   5894 1333 %     4       com.android.dx.ssa.SsaMethod::deleteInsns @ 42 (239 bytes)


---------------  P R O C E S S  ---------------

Java Threads: ( => current thread )
  0x0000000016587000 JavaThread "pool-1-thread-4" [_thread_in_Java, id=15356, stack(0x0000000017060000,0x0000000017160000)]
  0x0000000016576000 JavaThread "pool-1-thread-3" [_thread_in_Java, id=7692, stack(0x0000000016f60000,0x0000000017060000)]
  0x00000000164d6000 JavaThread "pool-1-thread-2" [_thread_blocked, id=13084, stack(0x0000000016e60000,0x0000000016f60000)]
  0x00000000164d5000 JavaThread "pool-2-thread-1" [_thread_blocked, id=9924, stack(0x0000000016d60000,0x0000000016e60000)]
  0x00000000164da800 JavaThread "pool-1-thread-1" [_thread_blocked, id=7116, stack(0x0000000016c60000,0x0000000016d60000)]
  0x00000000163c5000 JavaThread "Service Thread" daemon [_thread_blocked, id=12416, stack(0x0000000016a60000,0x0000000016b60000)]
  0x00000000163bb800 JavaThread "C1 CompilerThread2" daemon [_thread_in_native, id=6292, stack(0x0000000016960000,0x0000000016a60000)]
=>0x00000000163b7800 JavaThread "C2 CompilerThread1" daemon [_thread_in_native, id=10632, stack(0x0000000016860000,0x0000000016960000)]
  0x0000000014e0e000 JavaThread "C2 CompilerThread0" daemon [_thread_in_native, id=11376, stack(0x0000000016760000,0x0000000016860000)]
  0x0000000014e0b000 JavaThread "Attach Listener" daemon [_thread_blocked, id=15212, stack(0x0000000016260000,0x0000000016360000)]
  0x0000000014e0a000 JavaThread "Signal Dispatcher" daemon [_thread_blocked, id=11408, stack(0x0000000016160000,0x0000000016260000)]
  0x00000000026d7000 JavaThread "Finalizer" daemon [_thread_blocked, id=8132, stack(0x0000000016010000,0x0000000016110000)]
  0x00000000026ce000 JavaThread "Reference Handler" daemon [_thread_blocked, id=12200, stack(0x0000000015f10000,0x0000000016010000)]
  0x00000000025e2800 JavaThread "main" [_thread_in_Java, id=10160, stack(0x0000000002160000,0x0000000002260000)]

Other Threads:
  0x0000000014d77800 VMThread [stack: 0x0000000015e10000,0x0000000015f10000] [id=3940]
  0x000000001642f000 WatcherThread [stack: 0x0000000016b60000,0x0000000016c60000] [id=9960]

VM state:not at safepoint (normal execution)

VM Mutex/Monitor currently owned by a thread: None

Heap:
 PSYoungGen      total 18944K, used 4635K [0x00000000eab00000, 0x00000000ed000000, 0x0000000100000000)
  eden space 16384K, 12% used [0x00000000eab00000,0x00000000ead0cbf8,0x00000000ebb00000)
  from space 2560K, 99% used [0x00000000ebb00000,0x00000000ebd7a038,0x00000000ebd80000)
  to   space 2560K, 0% used [0x00000000ecd80000,0x00000000ecd80000,0x00000000ed000000)
 ParOldGen       total 44032K, used 6497K [0x00000000c0000000, 0x00000000c2b00000, 0x00000000eab00000)
  object space 44032K, 14% used [0x00000000c0000000,0x00000000c0658620,0x00000000c2b00000)
 Metaspace       used 5966K, capacity 6804K, committed 7040K, reserved 1056768K
  class space    used 584K, capacity 588K, committed 640K, reserved 1048576K

Card table byte_map: [0x0000000011aa0000,0x0000000011cb0000] byte_map_base: 0x00000000114a0000

Marking Bits: (ParMarkBitMap*) 0x0000000061ebf600
 Begin Bits: [0x0000000012210000, 0x0000000013210000)
 End Bits:   [0x0000000013210000, 0x0000000014210000)

Polling page: 0x0000000002260000

CodeCache: size=245760Kb used=5398Kb max_used=5398Kb free=240361Kb
 bounds [0x00000000026e0000, 0x0000000002c30000, 0x00000000116e0000]
 total_blobs=1614 nmethods=1344 adapters=183
 compilation: enabled

Compilation events (10 events):
Event: 5.416 Thread 0x00000000163bb800 nmethod 1356 0x0000000002c21250 code [0x0000000002c213a0, 0x0000000002c214b0]
Event: 5.419 Thread 0x00000000163bb800 1357       1       com.android.dx.rop.cst.CstKnownNull::getType (4 bytes)
Event: 5.419 Thread 0x00000000163bb800 nmethod 1357 0x0000000002c21510 code [0x0000000002c21660, 0x0000000002c21770]
Event: 5.420 Thread 0x00000000163bb800 1358       3       com.android.dx.cf.code.RopperMachine::updateReturnOp (115 bytes)
Event: 5.421 Thread 0x00000000163bb800 nmethod 1358 0x0000000002c217d0 code [0x0000000002c21a60, 0x0000000002c22c98]
Event: 5.423 Thread 0x00000000163bb800 1359       3       java.util.HashMap$EntryIterator::next (5 bytes)
Event: 5.423 Thread 0x00000000163bb800 nmethod 1359 0x0000000002c234d0 code [0x0000000002c23640, 0x0000000002c23928]
Event: 5.426 Thread 0x00000000163bb800 1361       3       java.util.RegularEnumSet::remove (74 bytes)
Event: 5.427 Thread 0x00000000163bb800 nmethod 1361 0x0000000002c239d0 code [0x0000000002c23b60, 0x0000000002c24108]
Event: 5.427 Thread 0x00000000163bb800 1362       3       java.util.Arrays$LegacyMergeSort::access$000 (4 bytes)

GC Heap History (6 events):
Event: 3.689 GC heap before
{Heap before GC invocations=1 (full 0):
 PSYoungGen      total 18944K, used 16384K [0x00000000eab00000, 0x00000000ec000000, 0x0000000100000000)
  eden space 16384K, 100% used [0x00000000eab00000,0x00000000ebb00000,0x00000000ebb00000)
  from space 2560K, 0% used [0x00000000ebd80000,0x00000000ebd80000,0x00000000ec000000)
  to   space 2560K, 0% used [0x00000000ebb00000,0x00000000ebb00000,0x00000000ebd80000)
 ParOldGen       total 44032K, used 0K [0x00000000c0000000, 0x00000000c2b00000, 0x00000000eab00000)
  object space 44032K, 0% used [0x00000000c0000000,0x00000000c0000000,0x00000000c2b00000)
 Metaspace       used 5635K, capacity 6546K, committed 6784K, reserved 1056768K
  class space    used 580K, capacity 586K, committed 640K, reserved 1048576K
Event: 3.698 GC heap after
Heap after GC invocations=1 (full 0):
 PSYoungGen      total 18944K, used 2543K [0x00000000eab00000, 0x00000000ec000000, 0x0000000100000000)
  eden space 16384K, 0% used [0x00000000eab00000,0x00000000eab00000,0x00000000ebb00000)
  from space 2560K, 99% used [0x00000000ebb00000,0x00000000ebd7bc88,0x00000000ebd80000)
  to   space 2560K, 0% used [0x00000000ebd80000,0x00000000ebd80000,0x00000000ec000000)
 ParOldGen       total 44032K, used 1571K [0x00000000c0000000, 0x00000000c2b00000, 0x00000000eab00000)
  object space 44032K, 3% used [0x00000000c0000000,0x00000000c0188dd8,0x00000000c2b00000)
 Metaspace       used 5635K, capacity 6546K, committed 6784K, reserved 1056768K
  class space    used 580K, capacity 586K, committed 640K, reserved 1048576K
}
Event: 4.340 GC heap before
{Heap before GC invocations=2 (full 0):
 PSYoungGen      total 18944K, used 18927K [0x00000000eab00000, 0x00000000ec000000, 0x0000000100000000)
  eden space 16384K, 100% used [0x00000000eab00000,0x00000000ebb00000,0x00000000ebb00000)
  from space 2560K, 99% used [0x00000000ebb00000,0x00000000ebd7bc88,0x00000000ebd80000)
  to   space 2560K, 0% used [0x00000000ebd80000,0x00000000ebd80000,0x00000000ec000000)
 ParOldGen       total 44032K, used 1571K [0x00000000c0000000, 0x00000000c2b00000, 0x00000000eab00000)
  object space 44032K, 3% used [0x00000000c0000000,0x00000000c0188dd8,0x00000000c2b00000)
 Metaspace       used 5825K, capacity 6740K, committed 7040K, reserved 1056768K
  class space    used 583K, capacity 588K, committed 640K, reserved 1048576K
Event: 4.517 GC heap after
Heap after GC invocations=2 (full 0):
 PSYoungGen      total 18944K, used 2543K [0x00000000eab00000, 0x00000000ed000000, 0x0000000100000000)
  eden space 16384K, 0% used [0x00000000eab00000,0x00000000eab00000,0x00000000ebb00000)
  from space 2560K, 99% used [0x00000000ebd80000,0x00000000ebffbc88,0x00000000ec000000)
  to   space 2560K, 0% used [0x00000000ebb00000,0x00000000ebb00000,0x00000000ebd80000)
 ParOldGen       total 44032K, used 3926K [0x00000000c0000000, 0x00000000c2b00000, 0x00000000eab00000)
  object space 44032K, 8% used [0x00000000c0000000,0x00000000c03d5ba0,0x00000000c2b00000)
 Metaspace       used 5825K, capacity 6740K, committed 7040K, reserved 1056768K
  class space    used 583K, capacity 588K, committed 640K, reserved 1048576K
}
Event: 5.429 GC heap before
{Heap before GC invocations=3 (full 0):
 PSYoungGen      total 18944K, used 18927K [0x00000000eab00000, 0x00000000ed000000, 0x0000000100000000)
  eden space 16384K, 100% used [0x00000000eab00000,0x00000000ebb00000,0x00000000ebb00000)
  from space 2560K, 99% used [0x00000000ebd80000,0x00000000ebffbc88,0x00000000ec000000)
  to   space 2560K, 0% used [0x00000000ebb00000,0x00000000ebb00000,0x00000000ebd80000)
 ParOldGen       total 44032K, used 3926K [0x00000000c0000000, 0x00000000c2b00000, 0x00000000eab00000)
  object space 44032K, 8% used [0x00000000c0000000,0x00000000c03d5ba0,0x00000000c2b00000)
 Metaspace       used 5944K, capacity 6804K, committed 7040K, reserved 1056768K
  class space    used 583K, capacity 588K, committed 640K, reserved 1048576K
Event: 5.889 GC heap after
Heap after GC invocations=3 (full 0):
 PSYoungGen      total 18944K, used 2536K [0x00000000eab00000, 0x00000000ed000000, 0x0000000100000000)
  eden space 16384K, 0% used [0x00000000eab00000,0x00000000eab00000,0x00000000ebb00000)
  from space 2560K, 99% used [0x00000000ebb00000,0x00000000ebd7a038,0x00000000ebd80000)
  to   space 2560K, 0% used [0x00000000ecd80000,0x00000000ecd80000,0x00000000ed000000)
 ParOldGen       total 44032K, used 6497K [0x00000000c0000000, 0x00000000c2b00000, 0x00000000eab00000)
  object space 44032K, 14% used [0x00000000c0000000,0x00000000c0658620,0x00000000c2b00000)
 Metaspace       used 5944K, capacity 6804K, committed 7040K, reserved 1056768K
  class space    used 583K, capacity 588K, committed 640K, reserved 1048576K
}

Deoptimization events (10 events):
Event: 4.199 Thread 0x00000000164d6000 Uncommon trap: reason=class_check action=maybe_recompile pc=0x0000000002ada00c method=com.android.dx.ssa.SCCP.setLatticeValueTo(IILcom/android/dx/rop/cst/Constant;)Z @ 43
Event: 4.199 Thread 0x00000000164d6000 Uncommon trap: reason=class_check action=maybe_recompile pc=0x0000000002ada00c method=com.android.dx.ssa.SCCP.setLatticeValueTo(IILcom/android/dx/rop/cst/Constant;)Z @ 43
Event: 5.260 Thread 0x00000000164da800 Uncommon trap: reason=unloaded action=reinterpret pc=0x0000000002b810f8 method=com.android.dx.ssa.LiteralOpUpgrader$1.visitNonMoveInsn(Lcom/android/dx/ssa/NormalSsaInsn;)V @ 72
Event: 5.267 Thread 0x0000000016587000 Uncommon trap: reason=bimorphic action=maybe_recompile pc=0x0000000002b70c48 method=com.android.dx.ssa.SCCP.simulatePhi(Lcom/android/dx/ssa/PhiInsn;)V @ 124
Event: 5.267 Thread 0x0000000016587000 Uncommon trap: reason=bimorphic action=maybe_recompile pc=0x0000000002b70c48 method=com.android.dx.ssa.SCCP.simulatePhi(Lcom/android/dx/ssa/PhiInsn;)V @ 124
Event: 5.267 Thread 0x0000000016587000 Uncommon trap: reason=bimorphic action=maybe_recompile pc=0x0000000002b70c48 method=com.android.dx.ssa.SCCP.simulatePhi(Lcom/android/dx/ssa/PhiInsn;)V @ 124
Event: 5.267 Thread 0x0000000016587000 Uncommon trap: reason=bimorphic action=maybe_recompile pc=0x0000000002b70c48 method=com.android.dx.ssa.SCCP.simulatePhi(Lcom/android/dx/ssa/PhiInsn;)V @ 124
Event: 5.268 Thread 0x00000000164da800 Uncommon trap: reason=unstable_if action=reinterpret pc=0x0000000002a86a9c method=com.android.dx.ssa.SsaMethod.updateOneDefinition(Lcom/android/dx/ssa/SsaInsn;Lcom/android/dx/rop/code/RegisterSpec;)V @ 4
Event: 5.409 Thread 0x0000000016587000 Uncommon trap: reason=bimorphic action=maybe_recompile pc=0x00000000029d96a0 method=java.util.HashMap.getNode(ILjava/lang/Object;)Ljava/util/HashMap$Node; @ 126
Event: 5.409 Thread 0x0000000016587000 Uncommon trap: reason=class_check action=maybe_recompile pc=0x0000000002a767f0 method=java.util.HashMap.putVal(ILjava/lang/Object;Ljava/lang/Object;ZZ)Ljava/lang/Object; @ 203

Internal exceptions (2 events):
Event: 0.929 Thread 0x00000000025e2800 Exception <a 'java/lang/NoSuchMethodError': Method sun.misc.Unsafe.defineClass(Ljava/lang/String;[BII)Ljava/lang/Class; name or signature does not match> (0x00000000eab130b0) thrown at [C:\re\workspace\8-2-build-windows-amd64-cygwin\jdk8u71\5731\hotspot\srç¤ä×$Àí?
Event: 0.930 Thread 0x00000000025e2800 Exception <a 'java/lang/NoSuchMethodError': Method sun.misc.Unsafe.prefetchRead(Ljava/lang/Object;J)V name or signature does not match> (0x00000000eab13398) thrown at [C:\re\workspace\8-2-build-windows-amd64-cygwin\jdk8u71\5731\hotspot\src\share\vm\prims\j

Events (10 events):
Event: 5.391 Thread 0x0000000016576000 DEOPT PACKING pc=0x00000000029912cf sp=0x000000001705e4f0
Event: 5.391 Thread 0x0000000016576000 DEOPT UNPACKING pc=0x000000000272787f sp=0x000000001705e2d0 mode 0
Event: 5.409 Thread 0x0000000016587000 Uncommon trap: trap_request=0xffffffc6 fr.pc=0x00000000029d96a0
Event: 5.409 Thread 0x0000000016587000 DEOPT PACKING pc=0x00000000029d96a0 sp=0x000000001715e850
Event: 5.409 Thread 0x0000000016587000 DEOPT UNPACKING pc=0x000000000272582a sp=0x000000001715e7c0 mode 2
Event: 5.409 Thread 0x0000000016587000 Uncommon trap: trap_request=0xffffffde fr.pc=0x0000000002a767f0
Event: 5.409 Thread 0x0000000016587000 DEOPT PACKING pc=0x0000000002a767f0 sp=0x000000001715e820
Event: 5.409 Thread 0x0000000016587000 DEOPT UNPACKING pc=0x000000000272582a sp=0x000000001715e798 mode 2
Event: 5.427 Executing VM operation: ParallelGCFailedAllocation
Event: 5.890 Executing VM operation: ParallelGCFailedAllocation done


Dynamic libraries:
0x00007ff77f0f0000 - 0x00007ff77f127000 	C:\Program Files\Java\jdk1.8.0_71\bin\java.exe
0x00007ff9e0f40000 - 0x00007ff9e10ed000 	C:\windows\SYSTEM32\ntdll.dll
0x00007ff9e0750000 - 0x00007ff9e088e000 	C:\windows\system32\KERNEL32.DLL
0x00007ff9de4b0000 - 0x00007ff9de5c5000 	C:\windows\system32\KERNELBASE.dll
0x00007ff9dcc30000 - 0x00007ff9dccbe000 	C:\windows\system32\apphelp.dll
0x00007ff9c7b40000 - 0x00007ff9c7b93000 	C:\windows\AppPatch\AppPatch64\AcGenral.DLL
0x00007ff9e0480000 - 0x00007ff9e052a000 	C:\windows\system32\msvcrt.dll
0x00007ff9de140000 - 0x00007ff9de16e000 	C:\windows\system32\SspiCli.dll
0x00007ff9e0690000 - 0x00007ff9e06e4000 	C:\windows\system32\SHLWAPI.dll
0x00007ff9e0890000 - 0x00007ff9e0a07000 	C:\windows\system32\USER32.dll
0x00007ff9e0cd0000 - 0x00007ff9e0e64000 	C:\windows\system32\ole32.dll
0x00007ff9deaf0000 - 0x00007ff9e0019000 	C:\windows\system32\SHELL32.dll
0x00007ff9dd640000 - 0x00007ff9dd661000 	C:\windows\SYSTEM32\USERENV.dll
0x00007ff9e0e70000 - 0x00007ff9e0f1a000 	C:\windows\system32\ADVAPI32.dll
0x00007ff9d5e10000 - 0x00007ff9d5e2e000 	C:\windows\SYSTEM32\MPR.dll
0x00007ff9de990000 - 0x00007ff9dead0000 	C:\windows\system32\RPCRT4.dll
0x00007ff9e0c70000 - 0x00007ff9e0cc9000 	C:\windows\SYSTEM32\sechost.dll
0x00007ff9e0a50000 - 0x00007ff9e0c62000 	C:\windows\SYSTEM32\combase.dll
0x00007ff9e0020000 - 0x00007ff9e016b000 	C:\windows\system32\GDI32.dll
0x00007ff9de070000 - 0x00007ff9de085000 	C:\windows\SYSTEM32\profapi.dll
0x00007ff9db290000 - 0x00007ff9db342000 	C:\windows\SYSTEM32\SHCORE.dll
0x00007ff9e0a10000 - 0x00007ff9e0a46000 	C:\windows\system32\IMM32.DLL
0x00007ff9e0530000 - 0x00007ff9e0681000 	C:\windows\system32\MSCTF.dll
0x00007ff9da3d0000 - 0x00007ff9da64b000 	C:\windows\WinSxS\amd64_microsoft.windows.common-controls_6595b64144ccf1df_6.0.9600.18006_none_623f33d3ecbe86e8\COMCTL32.dll
0x0000000063a20000 - 0x0000000063af2000 	C:\Program Files\Java\jdk1.8.0_71\jre\bin\msvcr100.dll
0x00000000616b0000 - 0x0000000061f3f000 	C:\Program Files\Java\jdk1.8.0_71\jre\bin\server\jvm.dll
0x00007ff9d5e40000 - 0x00007ff9d5e49000 	C:\windows\SYSTEM32\WSOCK32.dll
0x00007ff9d5de0000 - 0x00007ff9d5e02000 	C:\windows\SYSTEM32\WINMM.dll
0x00007ff9d5e50000 - 0x00007ff9d5e5a000 	C:\windows\SYSTEM32\VERSION.dll
0x00007ff9de690000 - 0x00007ff9de697000 	C:\windows\system32\PSAPI.DLL
0x00007ff9e06f0000 - 0x00007ff9e074a000 	C:\windows\system32\WS2_32.dll
0x00007ff9d5820000 - 0x00007ff9d584a000 	C:\windows\SYSTEM32\WINMMBASE.dll
0x00007ff9de920000 - 0x00007ff9de929000 	C:\windows\system32\NSI.dll
0x00007ff9de460000 - 0x00007ff9de4af000 	C:\windows\SYSTEM32\cfgmgr32.dll
0x00007ff9dce80000 - 0x00007ff9dcea8000 	C:\windows\SYSTEM32\DEVOBJ.dll
0x0000000065760000 - 0x000000006576f000 	C:\Program Files\Java\jdk1.8.0_71\jre\bin\verify.dll
0x00000000641d0000 - 0x00000000641f9000 	C:\Program Files\Java\jdk1.8.0_71\jre\bin\java.dll
0x0000000065150000 - 0x0000000065166000 	C:\Program Files\Java\jdk1.8.0_71\jre\bin\zip.dll

VM Arguments:
jvm_args: -Djava.awt.headless=true -Xmx1024M -Dfile.encoding=GBK -Duser.country=CN -Duser.language=zh -Duser.variant 
java_command: com.android.dx.command.Main --dex --num-threads=4 --output F:\remusic-master\remusic-master\app\build\intermediates\pre-dexed\debug\YoumiSdk_v7.0.0_2017-01-06_5cbb99acee83c897a9b972b3869bbf7c741cce68.jar F:\remusic-master\remusic-master\app\libs\YoumiSdk_v7.0.0_2017-01-06.jar
java_class_path (initial): C:\Users\liang\AppData\Local\Android\sdk\build-tools\23.0.3\lib\dx.jar
Launcher Type: SUN_STANDARD

Environment Variables:
JAVA_HOME=C:\Program Files\Java\jdk1.8.0_71
CLASSPATH=F:\remusic-master\remusic-master\\gradle\wrapper\gradle-wrapper.jar
USERNAME=liang
OS=Windows_NT
PROCESSOR_IDENTIFIER=Intel64 Family 6 Model 61 Stepping 4, GenuineIntel



---------------  S Y S T E M  ---------------

OS: Windows 8.1 , 64 bit Build 9600 (6.3.9600.17415)

CPU:total 4 (2 cores per cpu, 2 threads per core) family 6 model 61 stepping 4, cmov, cx8, fxsr, mmx, sse, sse2, sse3, ssse3, sse4.1, sse4.2, popcnt, avx, avx2, aes, clmul, erms, 3dnowpref, lzcnt, ht, tsc, tscinvbit, bmi1, bmi2, adx

Memory: 4k page, physical 4097964k(236328k free), swap 7243692k(5540k free)

vm_info: Java HotSpot(TM) 64-Bit Server VM (25.71-b15) for windows-amd64 JRE (1.8.0_71-b15), built on Dec 22 2015 18:15:55 by "java_re" with MS VC++ 10.0 (VS2010)

time: Mon Dec 04 17:57:10 2017
elapsed time: 5 seconds (0d 0h 0m 5s)

